<?xml version="1.0" encoding="UTF-8"?>
<!-- Generated by org.testng.reporters.JUnitReportReporter -->
<testsuite skipped="0" hostname="WL357886" name="com.tieto.test.LoginTest" tests="3" failures="0" timestamp="2020-07-03T15:02:35 IST" time="36.684" errors="0">
  <testcase name="validCredentialTest" time="13.650" classname="com.tieto.test.LoginTest"/>
  <system-out/>
  <testcase name="validCredentialTest" time="11.106" classname="com.tieto.test.LoginTest"/>
  <system-out/>
  <testcase name="validCredentialTest" time="11.928" classname="com.tieto.test.LoginTest"/>
  <system-out/>
</testsuite> <!-- com.tieto.test.LoginTest -->
