<?xml version="1.0" encoding="UTF-8"?>
<!-- Generated by org.testng.reporters.JUnitReportReporter -->
<testsuite skipped="0" hostname="WL357886" name="com.tieto.test.MyDemoTest" tests="1" failures="0" timestamp="2020-07-03T13:50:17 IST" time="0.726" errors="0">
  <testcase name="excelRead" time="0.726" classname="com.tieto.test.MyDemoTest"/>
  <system-out/>
</testsuite> <!-- com.tieto.test.MyDemoTest -->
