<?xml version="1.0" encoding="UTF-8"?>
<!-- Generated by org.testng.reporters.JUnitReportReporter -->
<testsuite skipped="0" hostname="WL357886" name="com.tieto.test.LoginTest" tests="5" failures="0" timestamp="2020-07-03T16:41:05 IST" time="54.587" errors="0">
  <testcase name="validCredentialTest" time="11.011" classname="com.tieto.test.LoginTest"/>
  <system-out/>
  <testcase name="validCredentialTest" time="11.572" classname="com.tieto.test.LoginTest"/>
  <system-out/>
  <testcase name="validCredentialTest" time="11.623" classname="com.tieto.test.LoginTest"/>
  <system-out/>
  <testcase name="invalidCredentialTest" time="10.797" classname="com.tieto.test.LoginTest"/>
  <system-out/>
  <testcase name="invalidCredentialTest" time="9.584" classname="com.tieto.test.LoginTest"/>
  <system-out/>
</testsuite> <!-- com.tieto.test.LoginTest -->
